FoodOrderApp/app/build/intermediates/manifest_merge_blame_file/debug/manifest-merger-blame-debug-report.txt
1<?xml version="1.0" encoding="utf-8"?>
2<manifest xmlns:android="http://schemas.android.com/apk/res/android"
3    package="com.android.foodorderapp"
4    android:versionCode="1"
5    android:versionName="1.0" >
6
7    <uses-sdk
8        android:minSdkVersion="24"
8-->src\main\AndroidManifest.xml
9        android:targetSdkVersion="29" />
9-->src\main\AndroidManifest.xml
10
11    <uses-permission android:name="android.permission.INTERNET" />
11-->src\main\AndroidManifest.xml:5:5-67
11-->src\main\AndroidManifest.xml:5:22-64
12
13    <!-- Although the *SdkVersion is captured in gradle build files, this is required for non gradle builds -->
14    <!-- <uses-sdk android:minSdkVersion="14"/> -->
15    <uses-permission android:name="android.permission.ACCESS_NETWORK_STATE" />
15-->[com.google.firebase:firebase-database:20.0.3] AndroidManifest.xml:25:5-79
15-->[com.google.firebase:firebase-database:20.0.3] AndroidManifest.xml:25:22-76
16    <uses-permission android:name="android.permission.WAKE_LOCK" />
16-->[com.google.android.gms:play-services-measurement-api:20.0.2] AndroidManifest.xml:24:5-68
16-->[com.google.android.gms:play-services-measurement-api:20.0.2] AndroidManifest.xml:24:22-65
17    <uses-permission android:name="com.google.android.finsky.permission.BIND_GET_INSTALL_REFERRER_SERVICE" /> <!-- Include required permissions for Advertising Id -->
17-->[com.google.android.gms:play-services-measurement:20.0.2] AndroidManifest.xml:26:5-110
17-->[com.google.android.gms:play-services-measurement:20.0.2] AndroidManifest.xml:26:22-107
18    <uses-permission android:name="com.google.android.gms.permission.AD_ID" />
18-->[com.google.android.gms:play-services-ads-identifier:18.0.0] AndroidManifest.xml:23:5-79
18-->[com.google.android.gms:play-services-ads-identifier:18.0.0] AndroidManifest.xml:23:22-76
19
20    <application
20-->src\main\AndroidManifest.xml:7:5-37:19
21        android:allowBackup="true"
21-->src\main\AndroidManifest.xml:8:9-35
22        android:appComponentFactory="androidx.core.app.CoreComponentFactory"
22-->[androidx.core:core:1.3.1] AndroidManifest.xml:24:18-86
23        android:debuggable="true"
24        android:extractNativeLibs="false"
25        android:icon="@mipmap/ic_launcher"
25-->src\main\AndroidManifest.xml:9:9-43
26        android:label="@string/app_name"
26-->src\main\AndroidManifest.xml:10:9-41
27        android:roundIcon="@mipmap/ic_launcher_round"
27-->src\main\AndroidManifest.xml:11:9-54
28        android:supportsRtl="true"
28-->src\main\AndroidManifest.xml:12:9-35
29        android:testOnly="true"
30        android:theme="@style/Theme.FoodOrderApp" >
30-->src\main\AndroidManifest.xml:13:9-50
31        <activity
31-->src\main\AndroidManifest.xml:14:9-16:40
32            android:name="com.android.foodorderapp.HistoryActivity"
32-->src\main\AndroidManifest.xml:15:13-44
33            android:exported="false" />
33-->src\main\AndroidManifest.xml:16:13-37
34        <activity
34-->src\main\AndroidManifest.xml:17:9-19:40
35            android:name="com.android.foodorderapp.ProfileActivity"
35-->src\main\AndroidManifest.xml:18:13-44
36            android:exported="false" />
36-->src\main\AndroidManifest.xml:19:13-37
37        <activity
37-->src\main\AndroidManifest.xml:20:9-22:40
38            android:name="com.android.foodorderapp.RegisterActivity"
38-->src\main\AndroidManifest.xml:21:13-45
39            android:exported="false" />
39-->src\main\AndroidManifest.xml:22:13-37
40        <activity
40-->src\main\AndroidManifest.xml:23:9-25:40
41            android:name="com.android.foodorderapp.LoginActivity"
41-->src\main\AndroidManifest.xml:24:13-42
42            android:exported="false" />
42-->src\main\AndroidManifest.xml:25:13-37
43        <activity android:name="com.android.foodorderapp.OrderSucceessActivity" />
43-->src\main\AndroidManifest.xml:26:9-59
43-->src\main\AndroidManifest.xml:26:19-56
44        <activity android:name="com.android.foodorderapp.PlaceYourOrderActivity" />
44-->src\main\AndroidManifest.xml:27:9-60
44-->src\main\AndroidManifest.xml:27:19-57
45        <activity android:name="com.android.foodorderapp.RestaurantMenuActivity" />
45-->src\main\AndroidManifest.xml:28:9-60
45-->src\main\AndroidManifest.xml:28:19-57
46        <activity android:name="com.android.foodorderapp.SplashActivity" >
46-->src\main\AndroidManifest.xml:29:9-35:20
46-->src\main\AndroidManifest.xml:29:19-49
47            <intent-filter>
47-->src\main\AndroidManifest.xml:30:13-34:29
48                <action android:name="android.intent.action.MAIN" />
48-->src\main\AndroidManifest.xml:31:17-69
48-->src\main\AndroidManifest.xml:31:25-66
49
50                <category android:name="android.intent.category.LAUNCHER" />
50-->src\main\AndroidManifest.xml:33:17-77
50-->src\main\AndroidManifest.xml:33:27-74
51            </intent-filter>
52        </activity>
53        <activity android:name="com.android.foodorderapp.MainActivity" />
53-->src\main\AndroidManifest.xml:36:9-50
53-->src\main\AndroidManifest.xml:36:19-47
54
55        <service
55-->[com.google.firebase:firebase-database:20.0.3] AndroidManifest.xml:29:9-35:19
56            android:name="com.google.firebase.components.ComponentDiscoveryService"
56-->[com.google.firebase:firebase-database:20.0.3] AndroidManifest.xml:30:13-84
57            android:directBootAware="true"
57-->[com.google.firebase:firebase-common:20.0.0] AndroidManifest.xml:35:13-43
58            android:exported="false" >
58-->[com.google.firebase:firebase-database:20.0.3] AndroidManifest.xml:31:13-37
59            <meta-data
59-->[com.google.firebase:firebase-database:20.0.3] AndroidManifest.xml:32:13-34:85
60                android:name="com.google.firebase.components:com.google.firebase.database.DatabaseRegistrar"
60-->[com.google.firebase:firebase-database:20.0.3] AndroidManifest.xml:33:17-109
61                android:value="com.google.firebase.components.ComponentRegistrar" />
61-->[com.google.firebase:firebase-database:20.0.3] AndroidManifest.xml:34:17-82
62            <meta-data
62-->[com.google.android.gms:play-services-measurement-api:20.0.2] AndroidManifest.xml:30:13-32:85
63                android:name="com.google.firebase.components:com.google.firebase.analytics.connector.internal.AnalyticsConnectorRegistrar"
63-->[com.google.android.gms:play-services-measurement-api:20.0.2] AndroidManifest.xml:31:17-139
64                android:value="com.google.firebase.components.ComponentRegistrar" />
64-->[com.google.android.gms:play-services-measurement-api:20.0.2] AndroidManifest.xml:32:17-82
65            <meta-data
65-->[com.google.firebase:firebase-installations:17.0.0] AndroidManifest.xml:18:13-20:85
66                android:name="com.google.firebase.components:com.google.firebase.installations.FirebaseInstallationsRegistrar"
66-->[com.google.firebase:firebase-installations:17.0.0] AndroidManifest.xml:19:17-127
67                android:value="com.google.firebase.components.ComponentRegistrar" />
67-->[com.google.firebase:firebase-installations:17.0.0] AndroidManifest.xml:20:17-82
68        </service>
69
70        <provider
70-->[com.google.firebase:firebase-common:20.0.0] AndroidManifest.xml:26:9-31:39
71            android:name="com.google.firebase.provider.FirebaseInitProvider"
71-->[com.google.firebase:firebase-common:20.0.0] AndroidManifest.xml:27:13-77
72            android:authorities="com.android.foodorderapp.firebaseinitprovider"
72-->[com.google.firebase:firebase-common:20.0.0] AndroidManifest.xml:28:13-72
73            android:directBootAware="true"
73-->[com.google.firebase:firebase-common:20.0.0] AndroidManifest.xml:29:13-43
74            android:exported="false"
74-->[com.google.firebase:firebase-common:20.0.0] AndroidManifest.xml:30:13-37
75            android:initOrder="100" />
75-->[com.google.firebase:firebase-common:20.0.0] AndroidManifest.xml:31:13-36
76
77        <receiver
77-->[com.google.android.gms:play-services-measurement:20.0.2] AndroidManifest.xml:29:9-33:20
78            android:name="com.google.android.gms.measurement.AppMeasurementReceiver"
78-->[com.google.android.gms:play-services-measurement:20.0.2] AndroidManifest.xml:30:13-85
79            android:enabled="true"
79-->[com.google.android.gms:play-services-measurement:20.0.2] AndroidManifest.xml:31:13-35
80            android:exported="false" >
80-->[com.google.android.gms:play-services-measurement:20.0.2] AndroidManifest.xml:32:13-37
81        </receiver>
82
83        <service
83-->[com.google.android.gms:play-services-measurement:20.0.2] AndroidManifest.xml:35:9-38:40
84            android:name="com.google.android.gms.measurement.AppMeasurementService"
84-->[com.google.android.gms:play-services-measurement:20.0.2] AndroidManifest.xml:36:13-84
85            android:enabled="true"
85-->[com.google.android.gms:play-services-measurement:20.0.2] AndroidManifest.xml:37:13-35
86            android:exported="false" />
86-->[com.google.android.gms:play-services-measurement:20.0.2] AndroidManifest.xml:38:13-37
87        <service
87-->[com.google.android.gms:play-services-measurement:20.0.2] AndroidManifest.xml:39:9-43:72
88            android:name="com.google.android.gms.measurement.AppMeasurementJobService"
88-->[com.google.android.gms:play-services-measurement:20.0.2] AndroidManifest.xml:40:13-87
89            android:enabled="true"
89-->[com.google.android.gms:play-services-measurement:20.0.2] AndroidManifest.xml:41:13-35
90            android:exported="false"
90-->[com.google.android.gms:play-services-measurement:20.0.2] AndroidManifest.xml:42:13-37
91            android:permission="android.permission.BIND_JOB_SERVICE" />
91-->[com.google.android.gms:play-services-measurement:20.0.2] AndroidManifest.xml:43:13-69
92
93        <activity
93-->[com.google.android.gms:play-services-base:17.1.0] AndroidManifest.xml:23:9-26:75
94            android:name="com.google.android.gms.common.api.GoogleApiActivity"
94-->[com.google.android.gms:play-services-base:17.1.0] AndroidManifest.xml:24:13-79
95            android:exported="false"
95-->[com.google.android.gms:play-services-base:17.1.0] AndroidManifest.xml:25:13-37
96            android:theme="@android:style/Theme.Translucent.NoTitleBar" />
96-->[com.google.android.gms:play-services-base:17.1.0] AndroidManifest.xml:26:13-72
97
98        <meta-data
98-->[com.google.android.gms:play-services-basement:18.0.0] AndroidManifest.xml:21:9-23:69
99            android:name="com.google.android.gms.version"
99-->[com.google.android.gms:play-services-basement:18.0.0] AndroidManifest.xml:22:13-58
100            android:value="@integer/google_play_services_version" />
100-->[com.google.android.gms:play-services-basement:18.0.0] AndroidManifest.xml:23:13-66
101    </application>
102
103</manifest>